//-------------------------- 9/5/2021 -- 15:19:49 -----
Processor Init:
   Intel (unknown, Pentium Pro/II/III family), ~2.00 Ghz
     (timed at roughly 1.98 Ghz)
   FPU detected
   MMX detected
   SSE detected
 
Math Init:
   Installing Standard C extensions
   Installing Assembly extensions
   Installing FPU extensions
   Installing MMX extensions
   Installing SSE extensions
 
Input Init:
   DirectInput enabled.

Initializing chunk mappings...
   o 'TEXT' maps to TextChunk
   o 'SCHK' maps to UnknownChunk
   o 'SCHK' maps to SimChunk
Loading compiled script C:/Users/lenovo/Desktop/sichouzhilu/Bin/common/main.cs.
Loading compiled script C:/Users/lenovo/Desktop/sichouzhilu/Bin/game/main.cs.
 % - Initializing Common
Loading compiled script C:/Users/lenovo/Desktop/sichouzhilu/Bin/common/preferences/defaultPrefs.cs.
Reading Display Device information...
   Primary Display Device Found:
      Vendor Id: VEN_0000
      Device Id: DEV_0000

Using OpenGL rendering. Fullscreen: 0

Loading compiled script C:/Users/lenovo/Desktop/sichouzhilu/Bin/common/gameScripts/xml.cs.
Loading compiled script C:/Users/lenovo/Desktop/sichouzhilu/Bin/common/gameScripts/properties.cs.
Loading compiled script C:/Users/lenovo/Desktop/sichouzhilu/Bin/common/gameScripts/common.cs.
Loading compiled script C:/Users/lenovo/Desktop/sichouzhilu/Bin/common/gameScripts/audio.cs.
Loading compiled script C:/Users/lenovo/Desktop/sichouzhilu/Bin/common/gameScripts/canvas.cs.
Loading compiled script C:/Users/lenovo/Desktop/sichouzhilu/Bin/common/gameScripts/cursor.cs.
Video Init:
   Accelerated OpenGL display device detected.
   Accelerated D3D device not detected.
   Voodoo 2 display device not detected.

Activating the OpenGL display device...
Activating the OpenGL display device...
Setting screen mode to 320x320x32 (w)...
Creating a new window...
Acquiring a new device context...
Pixel format set:
  32 color bits, 24 depth bits, 8 stencil bits
Creating a new rendering context...
Making the new rendering context current...
OpenGL driver information:
  Vendor: ATI Technologies Inc.
  Renderer: Radeon 540X Series
  Version: 4.5.13540 Compatibility Profile Context 25.20.14002.1
OpenGL Init: Enabled Extensions
  ARB_multitexture (Max Texture Units: 8)
  EXT_blend_color
  EXT_blend_minmax
  EXT_compiled_vertex_array
  EXT_texture_env_combine
  EXT_packed_pixels
  EXT_fog_coord
  ARB_texture_compression
  EXT_texture_compression_s3tc
  (ARB|EXT)_texture_env_add
  EXT_texture_filter_anisotropic (Max anisotropy: 16)
  WGL_EXT_swap_control
OpenGL Init: Disabled Extensions
  EXT_paletted_texture
  NV_vertex_array_range
  3DFX_texture_compression_FXT1

Max Texture Size reported as: 16384
Setting screen mode to 800x600x32 (w)...
OpenAL Driver Init:
   Vendor: Creative Labs Inc.
   Version: OpenAL 1.0
   Renderer: Software
   Extensions: EAX 2.0, EAX 3.0, EAX Unified, and EAX-AC3

Loading compiled script C:/Users/lenovo/Desktop/sichouzhilu/Bin/common/gui/profiles.cs.
Loading compiled script C:/Users/lenovo/Desktop/sichouzhilu/Bin/common/gui/cursors.cs.
Loading compiled script C:/Users/lenovo/Desktop/sichouzhilu/Bin/common/gui/messageBoxOk.gui.
Loading compiled script C:/Users/lenovo/Desktop/sichouzhilu/Bin/common/gui/messageBoxYesNo.gui.
Loading compiled script C:/Users/lenovo/Desktop/sichouzhilu/Bin/common/gui/messageBoxYesNoCancel.gui.
Loading compiled script C:/Users/lenovo/Desktop/sichouzhilu/Bin/common/gui/messageBoxOKCancel.gui.
Loading compiled script C:/Users/lenovo/Desktop/sichouzhilu/Bin/common/gui/messageBoxOKCancelDetailsDlg.gui.
Loading compiled script C:/Users/lenovo/Desktop/sichouzhilu/Bin/common/gui/messagePopup.gui.
Loading compiled script C:/Users/lenovo/Desktop/sichouzhilu/Bin/common/gui/options.gui.
Loading compiled script C:/Users/lenovo/Desktop/sichouzhilu/Bin/common/gui/remap.gui.
Loading compiled script C:/Users/lenovo/Desktop/sichouzhilu/Bin/common/gui/console.gui.
Loading compiled script C:/Users/lenovo/Desktop/sichouzhilu/Bin/common/gui/NetworkMenu.gui.
Loading compiled script C:/Users/lenovo/Desktop/sichouzhilu/Bin/common/gui/startServer.gui.
Loading compiled script C:/Users/lenovo/Desktop/sichouzhilu/Bin/common/gui/joinServer.gui.
Loading compiled script C:/Users/lenovo/Desktop/sichouzhilu/Bin/common/gui/waitingForServer.gui.
Loading compiled script C:/Users/lenovo/Desktop/sichouzhilu/Bin/common/gui/helpDlg.gui.
Loading compiled script C:/Users/lenovo/Desktop/sichouzhilu/Bin/common/gui/messageBox.cs.
Loading compiled script C:/Users/lenovo/Desktop/sichouzhilu/Bin/common/gui/help.cs.
Loading compiled script C:/Users/lenovo/Desktop/sichouzhilu/Bin/common/gui/chatGui.gui.
Loading compiled script C:/Users/lenovo/Desktop/sichouzhilu/Bin/common/gameScripts/screenshot.cs.
Loading compiled script C:/Users/lenovo/Desktop/sichouzhilu/Bin/common/gameScripts/metrics.cs.
Loading compiled script C:/Users/lenovo/Desktop/sichouzhilu/Bin/common/Gui/FrameOverlayGui.gui.
Loading compiled script C:/Users/lenovo/Desktop/sichouzhilu/Bin/common/gameScripts/scriptDoc.cs.
Loading compiled script C:/Users/lenovo/Desktop/sichouzhilu/Bin/common/gameScripts/keybindings.cs.
Loading compiled script C:/Users/lenovo/Desktop/sichouzhilu/Bin/common/gameScripts/options.cs.
Loading compiled script C:/Users/lenovo/Desktop/sichouzhilu/Bin/common/gameScripts/levelManagement.cs.
Loading compiled script C:/Users/lenovo/Desktop/sichouzhilu/Bin/common/gameScripts/projectManagement.cs.
Loading compiled script C:/Users/lenovo/Desktop/sichouzhilu/Bin/common/gameScripts/projectResources.cs.
Loading compiled script C:/Users/lenovo/Desktop/sichouzhilu/Bin/common/gameScripts/align.cs.

FunCode (v1.7.5) initialized...
Loading compiled script C:/Users/lenovo/Desktop/sichouzhilu/Bin/game/managed/datablocks.cs.
Loading compiled script C:/Users/lenovo/Desktop/sichouzhilu/Bin/game/managed/persistent.cs.
Loading compiled script C:/Users/lenovo/Desktop/sichouzhilu/Bin/game/managed/brushes.cs.
Loading compiled script C:/Users/lenovo/Desktop/sichouzhilu/Bin/game/gameScripts/datablocks.cs.
Loading compiled script C:/Users/lenovo/Desktop/sichouzhilu/Bin/game/gameScripts/guiProfiles.cs.
Loading compiled script C:/Users/lenovo/Desktop/sichouzhilu/Bin/game/gui/mainScreen.gui.
Loading compiled script C:/Users/lenovo/Desktop/sichouzhilu/Bin/game/gameScripts/game.cs.
Activating DirectInput...
DirectInput joystick failed to enable!
Compiling C:/Users/lenovo/Desktop/sichouzhilu/Bin/game/data/levels/level2.t2d...
Loading compiled script C:/Users/lenovo/Desktop/sichouzhilu/Bin/game/data/levels/level2.t2d.
Compiling C:/Users/lenovo/Desktop/sichouzhilu/Bin/game/data/levels/level0.t2d...
Loading compiled script C:/Users/lenovo/Desktop/sichouzhilu/Bin/game/data/levels/level0.t2d.
Compiling C:/Users/lenovo/Desktop/sichouzhilu/Bin/game/data/levels/levellevel.t2d...
Loading compiled script C:/Users/lenovo/Desktop/sichouzhilu/Bin/game/data/levels/levellevel.t2d.
t2dStaticSprite::setFrame() - Cannot set Frame without existing t2dImageMapDatablock Datablock!
Compiling C:/Users/lenovo/Desktop/sichouzhilu/Bin/game/data/levels/nandian1.t2d...
Loading compiled script C:/Users/lenovo/Desktop/sichouzhilu/Bin/game/data/levels/nandian1.t2d.
Compiling C:/Users/lenovo/Desktop/sichouzhilu/Bin/game/data/levels/level1.t2d...
Loading compiled script C:/Users/lenovo/Desktop/sichouzhilu/Bin/game/data/levels/level1.t2d.
t2dStaticSprite::setFrame() - Cannot set Frame without existing t2dImageMapDatablock Datablock!
t2dSceneGraph::addToScene() - Object '1620' is already in a SceneGraph!.
t2dSceneGraph::addToScene() - Object '1621' is already in a SceneGraph!.
t2dSceneGraph::addToScene() - Object '1622' is already in a SceneGraph!.
t2dSceneGraph::addToScene() - Object '1623' is already in a SceneGraph!.
t2dSceneGraph::addToScene() - Object '1624' is already in a SceneGraph!.
t2dSceneGraph::addToScene() - Object '1625' is already in a SceneGraph!.
t2dSceneGraph::addToScene() - Object '1626' is already in a SceneGraph!.
t2dSceneGraph::addToScene() - Object '1627' is already in a SceneGraph!.
t2dSceneGraph::addToScene() - Object '1628' is already in a SceneGraph!.
t2dSceneGraph::addToScene() - Object '1629' is already in a SceneGraph!.
t2dSceneGraph::addToScene() - Object '1630' is already in a SceneGraph!.
t2dSceneGraph::addToScene() - Object '1631' is already in a SceneGraph!.
Compiling C:/Users/lenovo/Desktop/sichouzhilu/Bin/game/data/levels/level1.t2d...
Loading compiled script C:/Users/lenovo/Desktop/sichouzhilu/Bin/game/data/levels/level1.t2d.
t2dStaticSprite::setFrame() - Cannot set Frame without existing t2dImageMapDatablock Datablock!
t2dSceneGraph::addToScene() - Object '1697' is already in a SceneGraph!.
t2dSceneGraph::addToScene() - Object '1698' is already in a SceneGraph!.
t2dSceneGraph::addToScene() - Object '1699' is already in a SceneGraph!.
t2dSceneGraph::addToScene() - Object '1700' is already in a SceneGraph!.
t2dSceneGraph::addToScene() - Object '1701' is already in a SceneGraph!.
t2dSceneGraph::addToScene() - Object '1702' is already in a SceneGraph!.
Compiling C:/Users/lenovo/Desktop/sichouzhilu/Bin/game/data/levels/level1.t2d...
Loading compiled script C:/Users/lenovo/Desktop/sichouzhilu/Bin/game/data/levels/level1.t2d.
t2dStaticSprite::setFrame() - Cannot set Frame without existing t2dImageMapDatablock Datablock!
t2dSceneGraph::addToScene() - Object '1768' is already in a SceneGraph!.
t2dSceneGraph::addToScene() - Object '1769' is already in a SceneGraph!.
t2dSceneGraph::addToScene() - Object '1770' is already in a SceneGraph!.
t2dSceneGraph::addToScene() - Object '1771' is already in a SceneGraph!.
t2dSceneGraph::addToScene() - Object '1772' is already in a SceneGraph!.
t2dSceneGraph::addToScene() - Object '1773' is already in a SceneGraph!.
t2dSceneGraph::addToScene() - Object '1774' is already in a SceneGraph!.
t2dSceneGraph::addToScene() - Object '1775' is already in a SceneGraph!.
t2dSceneGraph::addToScene() - Object '1776' is already in a SceneGraph!.
t2dSceneGraph::addToScene() - Object '1777' is already in a SceneGraph!.
t2dSceneGraph::addToScene() - Object '1778' is already in a SceneGraph!.
Compiling C:/Users/lenovo/Desktop/sichouzhilu/Bin/game/data/levels/level1.t2d...
Loading compiled script C:/Users/lenovo/Desktop/sichouzhilu/Bin/game/data/levels/level1.t2d.
t2dStaticSprite::setFrame() - Cannot set Frame without existing t2dImageMapDatablock Datablock!
t2dSceneGraph::addToScene() - Object '1844' is already in a SceneGraph!.
t2dSceneGraph::addToScene() - Object '1845' is already in a SceneGraph!.
t2dSceneGraph::addToScene() - Object '1846' is already in a SceneGraph!.
t2dSceneGraph::addToScene() - Object '1847' is already in a SceneGraph!.
t2dSceneGraph::addToScene() - Object '1848' is already in a SceneGraph!.
t2dSceneGraph::addToScene() - Object '1849' is already in a SceneGraph!.
t2dSceneGraph::addToScene() - Object '1850' is already in a SceneGraph!.
t2dSceneGraph::addToScene() - Object '1851' is already in a SceneGraph!.
Compiling C:/Users/lenovo/Desktop/sichouzhilu/Bin/game/data/levels/level1.t2d...
Loading compiled script C:/Users/lenovo/Desktop/sichouzhilu/Bin/game/data/levels/level1.t2d.
t2dStaticSprite::setFrame() - Cannot set Frame without existing t2dImageMapDatablock Datablock!
t2dSceneGraph::addToScene() - Object '1917' is already in a SceneGraph!.
t2dSceneGraph::addToScene() - Object '1918' is already in a SceneGraph!.
t2dSceneGraph::addToScene() - Object '1919' is already in a SceneGraph!.
t2dSceneGraph::addToScene() - Object '1920' is already in a SceneGraph!.
t2dSceneGraph::addToScene() - Object '1921' is already in a SceneGraph!.
t2dSceneGraph::addToScene() - Object '1922' is already in a SceneGraph!.
t2dSceneGraph::addToScene() - Object '1923' is already in a SceneGraph!.
t2dSceneGraph::addToScene() - Object '1924' is already in a SceneGraph!.
t2dSceneGraph::addToScene() - Object '1925' is already in a SceneGraph!.
t2dSceneGraph::addToScene() - Object '1926' is already in a SceneGraph!.
t2dSceneGraph::addToScene() - Object '1927' is already in a SceneGraph!.
t2dSceneGraph::addToScene() - Object '1928' is already in a SceneGraph!.
t2dSceneGraph::addToScene() - Object '1929' is already in a SceneGraph!.
t2dSceneGraph::addToScene() - Object '1930' is already in a SceneGraph!.
t2dSceneGraph::addToScene() - Object '1931' is already in a SceneGraph!.
t2dSceneGraph::addToScene() - Object '1932' is already in a SceneGraph!.
t2dSceneGraph::addToScene() - Object '1933' is already in a SceneGraph!.
t2dSceneGraph::addToScene() - Object '1934' is already in a SceneGraph!.
t2dSceneGraph::addToScene() - Object '1935' is already in a SceneGraph!.
t2dSceneGraph::addToScene() - Object '1936' is already in a SceneGraph!.
t2dSceneGraph::addToScene() - Object '1937' is already in a SceneGraph!.
t2dSceneGraph::addToScene() - Object '1938' is already in a SceneGraph!.
t2dSceneGraph::addToScene() - Object '1939' is already in a SceneGraph!.
t2dSceneGraph::addToScene() - Object '1940' is already in a SceneGraph!.
t2dSceneGraph::addToScene() - Object '1941' is already in a SceneGraph!.
t2dSceneGraph::addToScene() - Object '1942' is already in a SceneGraph!.
t2dSceneGraph::addToScene() - Object '1943' is already in a SceneGraph!.
t2dSceneGraph::addToScene() - Object '1944' is already in a SceneGraph!.
t2dSceneGraph::addToScene() - Object '1945' is already in a SceneGraph!.
t2dSceneGraph::addToScene() - Object '1946' is already in a SceneGraph!.
t2dSceneGraph::addToScene() - Object '1947' is already in a SceneGraph!.
t2dSceneGraph::addToScene() - Object '1948' is already in a SceneGraph!.
t2dSceneGraph::addToScene() - Object '1949' is already in a SceneGraph!.
t2dSceneGraph::addToScene() - Object '1950' is already in a SceneGraph!.
t2dSceneGraph::addToScene() - Object '1951' is already in a SceneGraph!.
t2dSceneGraph::addToScene() - Object '1952' is already in a SceneGraph!.
t2dSceneGraph::addToScene() - Object '1953' is already in a SceneGraph!.
t2dSceneGraph::addToScene() - Object '1954' is already in a SceneGraph!.
t2dSceneGraph::addToScene() - Object '1955' is already in a SceneGraph!.
t2dSceneGraph::addToScene() - Object '1956' is already in a SceneGraph!.
Compiling C:/Users/lenovo/Desktop/sichouzhilu/Bin/game/data/levels/nandian2.t2d...
Loading compiled script C:/Users/lenovo/Desktop/sichouzhilu/Bin/game/data/levels/nandian2.t2d.
Compiling C:/Users/lenovo/Desktop/sichouzhilu/Bin/game/data/levels/level2.t2d...
Loading compiled script C:/Users/lenovo/Desktop/sichouzhilu/Bin/game/data/levels/level2.t2d.
t2dSceneGraph::addToScene() - Object '2013' is already in a SceneGraph!.
Compiling C:/Users/lenovo/Desktop/sichouzhilu/Bin/game/data/levels/levellevel.t2d...
Loading compiled script C:/Users/lenovo/Desktop/sichouzhilu/Bin/game/data/levels/levellevel.t2d.
t2dStaticSprite::setFrame() - Cannot set Frame without existing t2dImageMapDatablock Datablock!
Compiling C:/Users/lenovo/Desktop/sichouzhilu/Bin/game/data/levels/nandian1.t2d...
Loading compiled script C:/Users/lenovo/Desktop/sichouzhilu/Bin/game/data/levels/nandian1.t2d.
Compiling C:/Users/lenovo/Desktop/sichouzhilu/Bin/game/data/levels/level1.t2d...
Loading compiled script C:/Users/lenovo/Desktop/sichouzhilu/Bin/game/data/levels/level1.t2d.
t2dStaticSprite::setFrame() - Cannot set Frame without existing t2dImageMapDatablock Datablock!
t2dSceneGraph::addToScene() - Object '2107' is already in a SceneGraph!.
t2dSceneGraph::addToScene() - Object '2108' is already in a SceneGraph!.
t2dSceneGraph::addToScene() - Object '2109' is already in a SceneGraph!.
t2dSceneGraph::addToScene() - Object '2110' is already in a SceneGraph!.
Compiling C:/Users/lenovo/Desktop/sichouzhilu/Bin/game/data/levels/levellevel.t2d...
Loading compiled script C:/Users/lenovo/Desktop/sichouzhilu/Bin/game/data/levels/levellevel.t2d.
t2dStaticSprite::setFrame() - Cannot set Frame without existing t2dImageMapDatablock Datablock!
Compiling C:/Users/lenovo/Desktop/sichouzhilu/Bin/game/data/levels/nandian2.t2d...
Loading compiled script C:/Users/lenovo/Desktop/sichouzhilu/Bin/game/data/levels/nandian2.t2d.
Compiling C:/Users/lenovo/Desktop/sichouzhilu/Bin/game/data/levels/level2.t2d...
Loading compiled script C:/Users/lenovo/Desktop/sichouzhilu/Bin/game/data/levels/level2.t2d.
t2dSceneGraph::addToScene() - Object '2190' is already in a SceneGraph!.
DirectInput deactivated.
Shutting down the OpenGL display device...
Making the GL rendering context not current...
Deleting the GL rendering context...
Releasing the device context...
